2020-06-03 13:14:03,462 - 学生系统接口测试 - INFO - 测试报告生成地址：E:\git_zip\interface-master\requests_python_excel-master\report\result.html
2020-06-03 13:14:03,478 - 学生系统接口测试 - INFO - *******正在执行用例：-----  t_001  ----**********
2020-06-03 13:14:03,478 - 学生系统接口测试 - INFO - 请求头部：{'Content-Type': 'application/json', 'token': 'eyJhbGciOiJIUzI1NiIsImlhdCI6MTU5MTE2MTI1MiwiZXhwIjoxNTkxMTY4NDUyfQ.eyJ1c2VyX2lkIjoxLCJpYXQiOjE1OTExNjEyNTIuMDA0OTI2LCJpc19zdHVkZW50IjowfQ.yXZxZKKCE6k7naezcOibrXltnSy9vC-vKeUuoRjCLdE'}
2020-06-03 13:14:03,478 - 学生系统接口测试 - INFO - 请求方式：get
2020-06-03 13:14:03,478 - 学生系统接口测试 - INFO - 请求url： http://student-manage-test.lxhelper.com/api/v1/student/cc_school/
2020-06-03 13:14:03,478 - 学生系统接口测试 - INFO - get请求的params类型为：json
2020-06-03 13:14:03,478 - 学生系统接口测试 - INFO - get请求的params内容为：{'school': '女皇', 'page': '1'}
2020-06-03 13:14:03,619 - 学生系统接口测试 - INFO - 页面返回信息：{"code":0,"msg":"请求成功","data":{"count":2,"next":null,"previous":null,"results":[{"id":7,"cc":"Ethan","school":"女皇大学","e_school":"Queen's University","create_time":"2018-10-01T17:33:36"},{"id":153,"cc":"Ethan","school":"女皇大学","e_school":"Queen's University","create_time":"2018-12-04T11:55:29.530482"}]},"field_name":""}
2020-06-03 13:14:03,619 - 学生系统接口测试 - INFO - 用例测试结果:   t_001---->pass
2020-06-03 13:14:03,650 - 学生系统接口测试 - INFO - 检查点->：{"code":0,"msg":"请求成功","data":{"count":2,"next":null,"previous":null,"results":[{"id":7,"cc":"Ethan","school":"女皇大学","e_school":"Queen's University","create_time":"2018-10-01T17:33:36"},{"id":153,"cc":"Ethan","school":"女皇大学","e_school":"Queen's University","create_time":"2018-12-04T11:55:29.530482"}]},"field_name":""}
2020-06-03 13:14:03,650 - 学生系统接口测试 - INFO - 返回实际结果->：{"code":0,"msg":"请求成功","data":{"count":2,"next":null,"previous":null,"results":[{"id":7,"cc":"Ethan","school":"女皇大学","e_school":"Queen's University","create_time":"2018-10-01T17:33:36"},{"id":153,"cc":"Ethan","school":"女皇大学","e_school":"Queen's University","create_time":"2018-12-04T11:55:29.530482"}]},"field_name":""}
2020-06-03 13:14:03,650 - 学生系统接口测试 - INFO - *******正在执行用例：-----  t_002  ----**********
2020-06-03 13:14:03,650 - 学生系统接口测试 - INFO - 请求头部：{'Content-Type': 'application/json', 'token': 'eyJhbGciOiJIUzI1NiIsImlhdCI6MTU5MTE2MTI1MiwiZXhwIjoxNTkxMTY4NDUyfQ.eyJ1c2VyX2lkIjoxLCJpYXQiOjE1OTExNjEyNTIuMDA0OTI2LCJpc19zdHVkZW50IjowfQ.yXZxZKKCE6k7naezcOibrXltnSy9vC-vKeUuoRjCLdE'}
2020-06-03 13:14:03,650 - 学生系统接口测试 - INFO - 请求方式：get
2020-06-03 13:14:03,650 - 学生系统接口测试 - INFO - 请求url： http://student-manage-test.lxhelper.com/api/v1/project_course/all
2020-06-03 13:14:03,650 - 学生系统接口测试 - INFO - get请求的params类型为：json
2020-06-03 13:14:03,650 - 学生系统接口测试 - INFO - get请求的params内容为：{'campus_id': '36', 'project': '135', 'course': '', 'page': '1'}
2020-06-03 13:14:03,775 - 学生系统接口测试 - INFO - 页面返回信息：{"code":0,"msg":"请求成功","data":{"count":2,"results":[{"id":1617,"project_id":135,"course_id":149,"campus_id":36,"course_name":null,"course_code":null,"professor":"TBD","max_select_num":30,"start_time":"2019-07-01","end_time":"2019-08-03","address":"东北财经大学","status":true,"create_time":"2019-04-15T14:52:38.524034","modified_time":"2019-04-15T14:52:38.524058","select_course_num":0,"real_name":"管理会计学","campus_name":"大连校区","project_name":"大连校区2019暑期项目第二期5周课程","select_course_num/max_select_num":"0/30"},{"id":1619,"project_id":135,"course_id":221,"campus_id":36,"course_name":null,"course_code":null,"professor":"TBD","max_select_num":30,"start_time":"2019-07-01","end_time":"2019-08-03","address":"东北财经大学","status":true,"create_time":"2019-04-15T14:54:24.147433","modified_time":"2019-04-15T14:54:24.147456","select_course_num":0,"real_name":"组织行为学","campus_name":"大连校区","project_name":"大连校区2019暑期项目第二期5周课程","select_course_num/max_select_num":"0/30"}]},"field_name":""}
2020-06-03 13:14:03,775 - 学生系统接口测试 - INFO - 用例测试结果:   t_002---->pass
2020-06-03 13:14:03,807 - 学生系统接口测试 - INFO - 检查点->：{"code":0,"msg":"请求成功","data":{"count":2,"results":[{"id":1617,"project_id":135,"course_id":149,"campus_id":36,"course_name":null,"course_code":null,"professor":"TBD","max_select_num":30,"start_time":"2019-07-01","end_time":"2019-08-03","address":"东北财经大学","status":true,"create_time":"2019-04-15T14:52:38.524034","modified_time":"2019-04-15T14:52:38.524058","select_course_num":0,"real_name":"管理会计学","campus_name":"大连校区","project_name":"大连校区2019暑期项目第二期5周课程","select_course_num/max_select_num":"0/30"},{"id":1619,"project_id":135,"course_id":221,"campus_id":36,"course_name":null,"course_code":null,"professor":"TBD","max_select_num":30,"start_time":"2019-07-01","end_time":"2019-08-03","address":"东北财经大学","status":true,"create_time":"2019-04-15T14:54:24.147433","modified_time":"2019-04-15T14:54:24.147456","select_course_num":0,"real_name":"组织行为学","campus_name":"大连校区","project_name":"大连校区2019暑期项目第二期5周课程","select_course_num/max_select_num":"0/30"}]},"field_name":""}
2020-06-03 13:14:03,807 - 学生系统接口测试 - INFO - 返回实际结果->：{"code":0,"msg":"请求成功","data":{"count":2,"results":[{"id":1617,"project_id":135,"course_id":149,"campus_id":36,"course_name":null,"course_code":null,"professor":"TBD","max_select_num":30,"start_time":"2019-07-01","end_time":"2019-08-03","address":"东北财经大学","status":true,"create_time":"2019-04-15T14:52:38.524034","modified_time":"2019-04-15T14:52:38.524058","select_course_num":0,"real_name":"管理会计学","campus_name":"大连校区","project_name":"大连校区2019暑期项目第二期5周课程","select_course_num/max_select_num":"0/30"},{"id":1619,"project_id":135,"course_id":221,"campus_id":36,"course_name":null,"course_code":null,"professor":"TBD","max_select_num":30,"start_time":"2019-07-01","end_time":"2019-08-03","address":"东北财经大学","status":true,"create_time":"2019-04-15T14:54:24.147433","modified_time":"2019-04-15T14:54:24.147456","select_course_num":0,"real_name":"组织行为学","campus_name":"大连校区","project_name":"大连校区2019暑期项目第二期5周课程","select_course_num/max_select_num":"0/30"}]},"field_name":""}
2020-06-03 13:14:04,119 - 学生系统接口测试 - INFO - 测试通过
2020-06-03 13:14:45,265 - 学生系统接口测试 - INFO - 测试报告生成地址：E:\git_zip\interface-master\requests_python_excel-master\report\result.html
2020-06-03 13:14:45,281 - 学生系统接口测试 - INFO - *******正在执行用例：-----  t_001  ----**********
2020-06-03 13:14:45,281 - 学生系统接口测试 - INFO - 请求头部：{'Content-Type': 'application/json', 'token': 'eyJhbGciOiJIUzI1NiIsImlhdCI6MTU5MTE2MTI5MywiZXhwIjoxNTkxMTY4NDkzfQ.eyJ1c2VyX2lkIjoxLCJpYXQiOjE1OTExNjEyOTMuODExNzg5LCJpc19zdHVkZW50IjowfQ.e0jBE3pckZhkzfoqjUNqND3QBpfX4QjXEn3HSwgwRUg'}
2020-06-03 13:14:45,281 - 学生系统接口测试 - INFO - 请求方式：get
2020-06-03 13:14:45,281 - 学生系统接口测试 - INFO - 请求url： http://student-manage-test.lxhelper.com/api/v1/student/cc_school/
2020-06-03 13:14:45,281 - 学生系统接口测试 - INFO - get请求的params类型为：json
2020-06-03 13:14:45,281 - 学生系统接口测试 - INFO - get请求的params内容为：{'school': '女皇', 'page': '1'}
2020-06-03 13:14:45,375 - 学生系统接口测试 - INFO - 页面返回信息：{"code":0,"msg":"请求成功","data":{"count":2,"next":null,"previous":null,"results":[{"id":7,"cc":"Ethan","school":"女皇大学","e_school":"Queen's University","create_time":"2018-10-01T17:33:36"},{"id":153,"cc":"Ethan","school":"女皇大学","e_school":"Queen's University","create_time":"2018-12-04T11:55:29.530482"}]},"field_name":""}
2020-06-03 13:14:45,375 - 学生系统接口测试 - INFO - 用例测试结果:   t_001---->pass
2020-06-03 13:14:45,390 - 学生系统接口测试 - INFO - 检查点->：{"code":0,"msg":"请求成功","data":{"count":2,"next":null,"previous":null,"results":[{"id":7,"cc":"Ethan","school":"女皇大学","e_school":"Queen's University","create_time":"2018-10-01T17:33:36"},{"id":153,"cc":"Ethan","school":"女皇大学","e_school":"Queen's University","create_time":"2018-12-04T11:55:29.530482"}]},"field_name":""}
2020-06-03 13:14:45,390 - 学生系统接口测试 - INFO - 返回实际结果->：{"code":0,"msg":"请求成功","data":{"count":2,"next":null,"previous":null,"results":[{"id":7,"cc":"Ethan","school":"女皇大学","e_school":"Queen's University","create_time":"2018-10-01T17:33:36"},{"id":153,"cc":"Ethan","school":"女皇大学","e_school":"Queen's University","create_time":"2018-12-04T11:55:29.530482"}]},"field_name":""}
2020-06-03 13:14:45,390 - 学生系统接口测试 - INFO - *******正在执行用例：-----  t_002  ----**********
2020-06-03 13:14:45,390 - 学生系统接口测试 - INFO - 请求头部：{'Content-Type': 'application/json', 'token': 'eyJhbGciOiJIUzI1NiIsImlhdCI6MTU5MTE2MTI5MywiZXhwIjoxNTkxMTY4NDkzfQ.eyJ1c2VyX2lkIjoxLCJpYXQiOjE1OTExNjEyOTMuODExNzg5LCJpc19zdHVkZW50IjowfQ.e0jBE3pckZhkzfoqjUNqND3QBpfX4QjXEn3HSwgwRUg'}
2020-06-03 13:14:45,390 - 学生系统接口测试 - INFO - 请求方式：get
2020-06-03 13:14:45,390 - 学生系统接口测试 - INFO - 请求url： http://student-manage-test.lxhelper.com/api/v1/project_course/all
2020-06-03 13:14:45,390 - 学生系统接口测试 - INFO - get请求的params类型为：json
2020-06-03 13:14:45,390 - 学生系统接口测试 - INFO - get请求的params内容为：{'campus_id': '36', 'project': '135', 'course': '', 'page': '1'}
2020-06-03 13:14:45,515 - 学生系统接口测试 - INFO - 页面返回信息：{"code":0,"msg":"请求成功","data":{"count":2,"results":[{"id":1617,"project_id":135,"course_id":149,"campus_id":36,"course_name":null,"course_code":null,"professor":"TBD","max_select_num":30,"start_time":"2019-07-01","end_time":"2019-08-03","address":"东北财经大学","status":true,"create_time":"2019-04-15T14:52:38.524034","modified_time":"2019-04-15T14:52:38.524058","select_course_num":0,"real_name":"管理会计学","campus_name":"大连校区","project_name":"大连校区2019暑期项目第二期5周课程","select_course_num/max_select_num":"0/30"},{"id":1619,"project_id":135,"course_id":221,"campus_id":36,"course_name":null,"course_code":null,"professor":"TBD","max_select_num":30,"start_time":"2019-07-01","end_time":"2019-08-03","address":"东北财经大学","status":true,"create_time":"2019-04-15T14:54:24.147433","modified_time":"2019-04-15T14:54:24.147456","select_course_num":0,"real_name":"组织行为学","campus_name":"大连校区","project_name":"大连校区2019暑期项目第二期5周课程","select_course_num/max_select_num":"0/30"}]},"field_name":""}
2020-06-03 13:14:45,515 - 学生系统接口测试 - INFO - 用例测试结果:   t_002---->pass
2020-06-03 13:14:45,531 - 学生系统接口测试 - INFO - 检查点->：{"code":0,"msg":"请求成功","data":{"count":2,"results":[{"id":1617,"project_id":135,"course_id":149,"campus_id":36,"course_name":null,"course_code":null,"professor":"TBD","max_select_num":30,"start_time":"2019-07-01","end_time":"2019-08-03","address":"东北财经大学","status":true,"create_time":"2019-04-15T14:52:38.524034","modified_time":"2019-04-15T14:52:38.524058","select_course_num":0,"real_name":"管理会计学","campus_name":"大连校区","project_name":"大连校区2019暑期项目第二期5周课程","select_course_num/max_select_num":"0/30"},{"id":1619,"project_id":135,"course_id":221,"campus_id":36,"course_name":null,"course_code":null,"professor":"TBD","max_select_num":30,"start_time":"2019-07-01","end_time":"2019-08-03","address":"东北财经大学","status":true,"create_time":"2019-04-15T14:54:24.147433","modified_time":"2019-04-15T14:54:24.147456","select_course_num":0,"real_name":"组织行为学","campus_name":"大连校区","project_name":"大连校区2019暑期项目第二期5周课程","select_course_num/max_select_num":"0/30"}]},"field_name":""}
2020-06-03 13:14:45,531 - 学生系统接口测试 - INFO - 返回实际结果->：{"code":0,"msg":"请求成功","data":{"count":2,"results":[{"id":1617,"project_id":135,"course_id":149,"campus_id":36,"course_name":null,"course_code":null,"professor":"TBD","max_select_num":30,"start_time":"2019-07-01","end_time":"2019-08-03","address":"东北财经大学","status":true,"create_time":"2019-04-15T14:52:38.524034","modified_time":"2019-04-15T14:52:38.524058","select_course_num":0,"real_name":"管理会计学","campus_name":"大连校区","project_name":"大连校区2019暑期项目第二期5周课程","select_course_num/max_select_num":"0/30"},{"id":1619,"project_id":135,"course_id":221,"campus_id":36,"course_name":null,"course_code":null,"professor":"TBD","max_select_num":30,"start_time":"2019-07-01","end_time":"2019-08-03","address":"东北财经大学","status":true,"create_time":"2019-04-15T14:54:24.147433","modified_time":"2019-04-15T14:54:24.147456","select_course_num":0,"real_name":"组织行为学","campus_name":"大连校区","project_name":"大连校区2019暑期项目第二期5周课程","select_course_num/max_select_num":"0/30"}]},"field_name":""}
2020-06-03 13:14:45,828 - 学生系统接口测试 - INFO - student_info接口测试通过
2020-06-03 13:19:54,090 - 学生系统接口测试 - INFO - 测试报告生成地址：E:\git_zip\interface-master\requests_python_excel-master\report\result.html
2020-06-03 13:19:54,105 - 学生系统接口测试 - INFO - *******正在执行用例：-----  t_001  ----**********
2020-06-03 13:19:54,105 - 学生系统接口测试 - INFO - 请求头部：{'Content-Type': 'application/json', 'token': 'eyJhbGciOiJIUzI1NiIsImlhdCI6MTU5MTE2MTYwMiwiZXhwIjoxNTkxMTY4ODAyfQ.eyJ1c2VyX2lkIjoxLCJpYXQiOjE1OTExNjE2MDIuNjM1NjEyMiwiaXNfc3R1ZGVudCI6MH0.cuOLk_3YQyZsQVW574pg9s6LzLMfzObXawzn908pfwg'}
2020-06-03 13:19:54,105 - 学生系统接口测试 - INFO - 请求方式：get
2020-06-03 13:19:54,105 - 学生系统接口测试 - INFO - 请求url： http://student-manage-test.lxhelper.com/api/v1/student/cc_school/
2020-06-03 13:19:54,105 - 学生系统接口测试 - INFO - get请求的params类型为：json
2020-06-03 13:19:54,105 - 学生系统接口测试 - INFO - get请求的params内容为：{'school': '女皇', 'page': '1'}
2020-06-03 13:19:54,199 - 学生系统接口测试 - INFO - 页面返回信息：{"code":0,"msg":"请求成功","data":{"count":2,"next":null,"previous":null,"results":[{"id":7,"cc":"Ethan","school":"女皇大学","e_school":"Queen's University","create_time":"2018-10-01T17:33:36"},{"id":153,"cc":"Ethan","school":"女皇大学","e_school":"Queen's University","create_time":"2018-12-04T11:55:29.530482"}]},"field_name":""}
2020-06-03 13:19:54,199 - 学生系统接口测试 - INFO - 用例测试结果:   t_001---->pass
2020-06-03 13:19:54,215 - 学生系统接口测试 - INFO - 检查点->：{"code":0,"msg":"请求成功","data":{"count":2,"next":null,"previous":null,"results":[{"id":7,"cc":"Ethan","school":"女皇大学","e_school":"Queen's University","create_time":"2018-10-01T17:33:36"},{"id":153,"cc":"Ethan","school":"女皇大学","e_school":"Queen's University","create_time":"2018-12-04T11:55:29.530482"}]},"field_name":""}
2020-06-03 13:19:54,215 - 学生系统接口测试 - INFO - 返回实际结果->：{"code":0,"msg":"请求成功","data":{"count":2,"next":null,"previous":null,"results":[{"id":7,"cc":"Ethan","school":"女皇大学","e_school":"Queen's University","create_time":"2018-10-01T17:33:36"},{"id":153,"cc":"Ethan","school":"女皇大学","e_school":"Queen's University","create_time":"2018-12-04T11:55:29.530482"}]},"field_name":""}
2020-06-03 13:19:54,215 - 学生系统接口测试 - INFO - *******正在执行用例：-----  t_002  ----**********
2020-06-03 13:19:54,215 - 学生系统接口测试 - INFO - 请求头部：{'Content-Type': 'application/json', 'token': 'eyJhbGciOiJIUzI1NiIsImlhdCI6MTU5MTE2MTYwMiwiZXhwIjoxNTkxMTY4ODAyfQ.eyJ1c2VyX2lkIjoxLCJpYXQiOjE1OTExNjE2MDIuNjM1NjEyMiwiaXNfc3R1ZGVudCI6MH0.cuOLk_3YQyZsQVW574pg9s6LzLMfzObXawzn908pfwg'}
2020-06-03 13:19:54,215 - 学生系统接口测试 - INFO - 请求方式：get
2020-06-03 13:19:54,215 - 学生系统接口测试 - INFO - 请求url： http://student-manage-test.lxhelper.com/api/v1/project_course/all
2020-06-03 13:19:54,215 - 学生系统接口测试 - INFO - get请求的params类型为：json
2020-06-03 13:19:54,215 - 学生系统接口测试 - INFO - get请求的params内容为：{'campus_id': '36', 'project': '135', 'course': '', 'page': '1'}
2020-06-03 13:19:54,355 - 学生系统接口测试 - INFO - 页面返回信息：{"code":0,"msg":"请求成功","data":{"count":2,"results":[{"id":1617,"project_id":135,"course_id":149,"campus_id":36,"course_name":null,"course_code":null,"professor":"TBD","max_select_num":30,"start_time":"2019-07-01","end_time":"2019-08-03","address":"东北财经大学","status":true,"create_time":"2019-04-15T14:52:38.524034","modified_time":"2019-04-15T14:52:38.524058","select_course_num":0,"real_name":"管理会计学","campus_name":"大连校区","project_name":"大连校区2019暑期项目第二期5周课程","select_course_num/max_select_num":"0/30"},{"id":1619,"project_id":135,"course_id":221,"campus_id":36,"course_name":null,"course_code":null,"professor":"TBD","max_select_num":30,"start_time":"2019-07-01","end_time":"2019-08-03","address":"东北财经大学","status":true,"create_time":"2019-04-15T14:54:24.147433","modified_time":"2019-04-15T14:54:24.147456","select_course_num":0,"real_name":"组织行为学","campus_name":"大连校区","project_name":"大连校区2019暑期项目第二期5周课程","select_course_num/max_select_num":"0/30"}]},"field_name":""}
2020-06-03 13:19:54,355 - 学生系统接口测试 - INFO - 用例测试结果:   t_002---->pass
2020-06-03 13:19:54,371 - 学生系统接口测试 - INFO - 检查点->：{"code":0,"msg":"请求成功","data":{"count":2,"results":[{"id":1617,"project_id":135,"course_id":149,"campus_id":36,"course_name":null,"course_code":null,"professor":"TBD","max_select_num":30,"start_time":"2019-07-01","end_time":"2019-08-03","address":"东北财经大学","status":true,"create_time":"2019-04-15T14:52:38.524034","modified_time":"2019-04-15T14:52:38.524058","select_course_num":0,"real_name":"管理会计学","campus_name":"大连校区","project_name":"大连校区2019暑期项目第二期5周课程","select_course_num/max_select_num":"0/30"},{"id":1619,"project_id":135,"course_id":221,"campus_id":36,"course_name":null,"course_code":null,"professor":"TBD","max_select_num":30,"start_time":"2019-07-01","end_time":"2019-08-03","address":"东北财经大学","status":true,"create_time":"2019-04-15T14:54:24.147433","modified_time":"2019-04-15T14:54:24.147456","select_course_num":0,"real_name":"组织行为学","campus_name":"大连校区","project_name":"大连校区2019暑期项目第二期5周课程","select_course_num/max_select_num":"0/30"}]},"field_name":""}
2020-06-03 13:19:54,371 - 学生系统接口测试 - INFO - 返回实际结果->：{"code":0,"msg":"请求成功","data":{"count":2,"results":[{"id":1617,"project_id":135,"course_id":149,"campus_id":36,"course_name":null,"course_code":null,"professor":"TBD","max_select_num":30,"start_time":"2019-07-01","end_time":"2019-08-03","address":"东北财经大学","status":true,"create_time":"2019-04-15T14:52:38.524034","modified_time":"2019-04-15T14:52:38.524058","select_course_num":0,"real_name":"管理会计学","campus_name":"大连校区","project_name":"大连校区2019暑期项目第二期5周课程","select_course_num/max_select_num":"0/30"},{"id":1619,"project_id":135,"course_id":221,"campus_id":36,"course_name":null,"course_code":null,"professor":"TBD","max_select_num":30,"start_time":"2019-07-01","end_time":"2019-08-03","address":"东北财经大学","status":true,"create_time":"2019-04-15T14:54:24.147433","modified_time":"2019-04-15T14:54:24.147456","select_course_num":0,"real_name":"组织行为学","campus_name":"大连校区","project_name":"大连校区2019暑期项目第二期5周课程","select_course_num/max_select_num":"0/30"}]},"field_name":""}
2020-06-03 13:19:54,715 - 学生系统接口测试 - INFO - student_info接口,测试通过
