2020-06-03 14:50:55,574 - 学生系统接口测试 - INFO - 测试报告生成地址：C:\Users\Administrator\PycharmProjects\interface\requests_python_excel-master\report\result.html
2020-06-03 14:50:55,593 - 学生系统接口测试 - INFO - *******正在执行用例：-----  t_001  ----**********
2020-06-03 14:50:55,593 - 学生系统接口测试 - INFO - 请求头部：{'Content-Type': 'application/json', 'token': 'eyJhbGciOiJIUzI1NiIsImlhdCI6MTU5MTE2MTYwMiwiZXhwIjoxNTkxMTY4ODAyfQ.eyJ1c2VyX2lkIjoxLCJpYXQiOjE1OTExNjE2MDIuNjM1NjEyMiwiaXNfc3R1ZGVudCI6MH0.cuOLk_3YQyZsQVW574pg9s6LzLMfzObXawzn908pfwg'}
2020-06-03 14:50:55,593 - 学生系统接口测试 - INFO - 请求方式：get
2020-06-03 14:50:55,595 - 学生系统接口测试 - INFO - 请求url： http://student-manage-test.lxhelper.com/api/v1/student/cc_school/
2020-06-03 14:50:55,595 - 学生系统接口测试 - INFO - get请求的params类型为：json
2020-06-03 14:50:55,595 - 学生系统接口测试 - INFO - get请求的params内容为：{'school': '女皇', 'page': '1'}
2020-06-03 14:50:55,690 - 学生系统接口测试 - INFO - 页面返回信息：{"code":0,"msg":"请求成功","data":{"count":2,"next":null,"previous":null,"results":[{"id":7,"cc":"Ethan","school":"女皇大学","e_school":"Queen's University","create_time":"2018-10-01T17:33:36"},{"id":153,"cc":"Ethan","school":"女皇大学","e_school":"Queen's University","create_time":"2018-12-04T11:55:29.530482"}]},"field_name":""}
2020-06-03 14:50:55,690 - 学生系统接口测试 - INFO - 用例测试结果:   t_001---->pass
2020-06-03 14:50:55,714 - 学生系统接口测试 - INFO - 检查点->：{"code":0,"msg":"请求成功","data":{"count":2,"next":null,"previous":null,"results":[{"id":7,"cc":"Ethan","school":"女皇大学","e_school":"Queen's University","create_time":"2018-10-01T17:33:36"},{"id":153,"cc":"Ethan","school":"女皇大学","e_school":"Queen's University","create_time":"2018-12-04T11:55:29.530482"}]},"field_name":""}
2020-06-03 14:50:55,714 - 学生系统接口测试 - INFO - 返回实际结果->：{"code":0,"msg":"请求成功","data":{"count":2,"next":null,"previous":null,"results":[{"id":7,"cc":"Ethan","school":"女皇大学","e_school":"Queen's University","create_time":"2018-10-01T17:33:36"},{"id":153,"cc":"Ethan","school":"女皇大学","e_school":"Queen's University","create_time":"2018-12-04T11:55:29.530482"}]},"field_name":""}
2020-06-03 14:50:55,714 - 学生系统接口测试 - INFO - *******正在执行用例：-----  t_002  ----**********
2020-06-03 14:50:55,714 - 学生系统接口测试 - INFO - 请求头部：{'Content-Type': 'application/json', 'token': 'eyJhbGciOiJIUzI1NiIsImlhdCI6MTU5MTE2MTYwMiwiZXhwIjoxNTkxMTY4ODAyfQ.eyJ1c2VyX2lkIjoxLCJpYXQiOjE1OTExNjE2MDIuNjM1NjEyMiwiaXNfc3R1ZGVudCI6MH0.cuOLk_3YQyZsQVW574pg9s6LzLMfzObXawzn908pfwg'}
2020-06-03 14:50:55,714 - 学生系统接口测试 - INFO - 请求方式：get
2020-06-03 14:50:55,714 - 学生系统接口测试 - INFO - 请求url： http://student-manage-test.lxhelper.com/api/v1/project_course/all
2020-06-03 14:50:55,714 - 学生系统接口测试 - INFO - get请求的params类型为：json
2020-06-03 14:50:55,714 - 学生系统接口测试 - INFO - get请求的params内容为：{'campus_id': '36', 'project': '135', 'course': '', 'page': '1'}
2020-06-03 14:50:55,840 - 学生系统接口测试 - INFO - 页面返回信息：{"code":0,"msg":"请求成功","data":{"count":2,"results":[{"id":1617,"project_id":135,"course_id":149,"campus_id":36,"course_name":null,"course_code":null,"professor":"TBD","max_select_num":30,"start_time":"2019-07-01","end_time":"2019-08-03","address":"东北财经大学","status":true,"create_time":"2019-04-15T14:52:38.524034","modified_time":"2019-04-15T14:52:38.524058","select_course_num":0,"real_name":"管理会计学","campus_name":"大连校区","project_name":"大连校区2019暑期项目第二期5周课程","select_course_num/max_select_num":"0/30"},{"id":1619,"project_id":135,"course_id":221,"campus_id":36,"course_name":null,"course_code":null,"professor":"TBD","max_select_num":30,"start_time":"2019-07-01","end_time":"2019-08-03","address":"东北财经大学","status":true,"create_time":"2019-04-15T14:54:24.147433","modified_time":"2019-04-15T14:54:24.147456","select_course_num":0,"real_name":"组织行为学","campus_name":"大连校区","project_name":"大连校区2019暑期项目第二期5周课程","select_course_num/max_select_num":"0/30"}]},"field_name":""}
2020-06-03 14:50:55,840 - 学生系统接口测试 - INFO - 用例测试结果:   t_002---->pass
2020-06-03 14:50:55,867 - 学生系统接口测试 - INFO - 检查点->：{"code":0,"msg":"请求成功","data":{"count":2,"results":[{"id":1617,"project_id":135,"course_id":149,"campus_id":36,"course_name":null,"course_code":null,"professor":"TBD","max_select_num":30,"start_time":"2019-07-01","end_time":"2019-08-03","address":"东北财经大学","status":true,"create_time":"2019-04-15T14:52:38.524034","modified_time":"2019-04-15T14:52:38.524058","select_course_num":0,"real_name":"管理会计学","campus_name":"大连校区","project_name":"大连校区2019暑期项目第二期5周课程","select_course_num/max_select_num":"0/30"},{"id":1619,"project_id":135,"course_id":221,"campus_id":36,"course_name":null,"course_code":null,"professor":"TBD","max_select_num":30,"start_time":"2019-07-01","end_time":"2019-08-03","address":"东北财经大学","status":true,"create_time":"2019-04-15T14:54:24.147433","modified_time":"2019-04-15T14:54:24.147456","select_course_num":0,"real_name":"组织行为学","campus_name":"大连校区","project_name":"大连校区2019暑期项目第二期5周课程","select_course_num/max_select_num":"0/30"}]},"field_name":""}
2020-06-03 14:50:55,867 - 学生系统接口测试 - INFO - 返回实际结果->：{"code":0,"msg":"请求成功","data":{"count":2,"results":[{"id":1617,"project_id":135,"course_id":149,"campus_id":36,"course_name":null,"course_code":null,"professor":"TBD","max_select_num":30,"start_time":"2019-07-01","end_time":"2019-08-03","address":"东北财经大学","status":true,"create_time":"2019-04-15T14:52:38.524034","modified_time":"2019-04-15T14:52:38.524058","select_course_num":0,"real_name":"管理会计学","campus_name":"大连校区","project_name":"大连校区2019暑期项目第二期5周课程","select_course_num/max_select_num":"0/30"},{"id":1619,"project_id":135,"course_id":221,"campus_id":36,"course_name":null,"course_code":null,"professor":"TBD","max_select_num":30,"start_time":"2019-07-01","end_time":"2019-08-03","address":"东北财经大学","status":true,"create_time":"2019-04-15T14:54:24.147433","modified_time":"2019-04-15T14:54:24.147456","select_course_num":0,"real_name":"组织行为学","campus_name":"大连校区","project_name":"大连校区2019暑期项目第二期5周课程","select_course_num/max_select_num":"0/30"}]},"field_name":""}
2020-06-03 14:50:56,248 - 学生系统接口测试 - INFO - student_info接口,测试通过
